C51 COMPILER V9.54   LAB_WORK3                                                             10/15/2018 13:48:47 PAGE 1   


C51 COMPILER V9.54, COMPILATION OF MODULE LAB_WORK3
OBJECT MODULE PLACED IN .\Objects\LAB_WORK3.obj
COMPILER INVOKED BY: C:\Keil_v5\C51\BIN\C51.EXE LAB_WORK3.C OPTIMIZE(8,SPEED) BROWSE DEBUG OBJECTEXTEND PRINT(.\Listings
                    -\LAB_WORK3.lst) TABS(2) OBJECT(.\Objects\LAB_WORK3.obj)

line level    source

   1          #include <at89c5131.h>
   2          #include <Keypad_updated.c>
   3          unsigned char read_keypad(void);
   4          void keypad_init(void);
   5          void transmit_data(unsigned char str);
   6          unsigned char receive_data(void);
   7          
   8          sbit par = PSW^0;
   9          bit enable = 0;
  10          bit stop = 0;
  11          unsigned char received = 0x00;
  12          
  13          
  14          void ISR_keypad(void) interrupt 7
  15          {
  16   1        P1 = ~P1;
  17   1        received = read_keypad();
  18   1        if (enable ==1){
  19   2          transmit_data(received);
  20   2        }
  21   1      }
  22          
  23                                                              // Functions to be used for UARTs
  24          void ISR_serial(void) interrupt 4
  25          {
  26   1      receive_data()  ;                                   //ISR for serial interrupt  
  27   1      }
  28          
  29          
  30          void init_serial()
  31          {
  32   1                                                          //Initialize serial communication and interrupts
  33   1        SCON = 0xD0;
  34   1        TH1 = 204;
  35   1        TMOD = 0x20;
  36   1        TR1 = 1;
  37   1        EA = 1;
  38   1        ES = 1;
  39   1      }
  40          
  41          unsigned char receive_data(void)
  42          {
  43   1      if(RI == 1){
  44   2          RI = 0;
  45   2          received = SBUF;
  46   2          P1=~P1;
  47   2          if (enable == 1){
  48   3            if (received == 'N'){
  49   4              enable=0;
  50   4            }
  51   3          }
  52   2          else {
  53   3            if (received == 'Y'){
  54   4              enable = 1;
C51 COMPILER V9.54   LAB_WORK3                                                             10/15/2018 13:48:47 PAGE 2   

  55   4            }
  56   3          } 
  57   2        }
  58   1        if(TI == 1) {
  59   2          TI = 0;
  60   2        }                                               //function to receive data over RxD pin.
  61   1      }
*** WARNING C173 IN LINE 61 OF LAB_WORK3.C: missing return-expression
  62          
  63          void transmit_data(unsigned char str)
  64          {
  65   1                                                        //function to transmit data over TxD pin.
  66   1        ACC = str;
  67   1        ACC = ACC + 0;
  68   1        TB8 = par;
  69   1        SBUF = ACC;
  70   1      }
  71          
  72          
  73          void transmit_string(char* str, n)
  74          {
  75   1        int i;
  76   1        for(i=0; i<n; i++){
  77   2          transmit_data(&str);
*** WARNING C214 IN LINE 77 OF LAB_WORK3.C: 'Argument': conversion: pointer to non-pointer
  78   2          str++;
  79   2      } 
  80   1                                                        //function to transmit string of size n over TxD pin.
  81   1      }
  82          
  83          void main(){
  84   1        keypad_init();
  85   1        init_serial();
  86   1        while(1);
  87   1      }
*** WARNING C290 IN LINE 61 OF LAB_WORK3.C: missing return value


MODULE INFORMATION:   STATIC OVERLAYABLE
   CODE SIZE        =    539    ----
   CONSTANT SIZE    =   ----    ----
   XDATA SIZE       =   ----    ----
   PDATA SIZE       =   ----    ----
   DATA SIZE        =      1       6
   IDATA SIZE       =   ----    ----
   BIT SIZE         =      2    ----
END OF MODULE INFORMATION.


C51 COMPILATION COMPLETE.  3 WARNING(S),  0 ERROR(S)
