C51 COMPILER V9.54   LABWORK2_C                                                            10/22/2018 22:35:43 PAGE 1   


C51 COMPILER V9.54, COMPILATION OF MODULE LABWORK2_C
OBJECT MODULE PLACED IN .\Objects\labwork2_c.obj
COMPILER INVOKED BY: C:\Keil_v5\C51\BIN\C51.EXE ADSR\labwork2_c.c OPTIMIZE(8,SPEED) BROWSE DEBUG OBJECTEXTEND PRINT(.\Li
                    -stings\labwork2_c.lst) TABS(2) OBJECT(.\Objects\labwork2_c.obj)

line level    source

   1          
   2          //Generate waveform at P3_6
   3          
   4          #include "at89c5131.h"
   5          
   6          
   7          void timer_init();
   8          void SPI_Init();
   9          sbit CS_BAR = P3^4;                 // Chip Select for the ADC
  10          sbit FS = P3^5;
  11          bit transmit_completed= 0;              // To check if spi data transmit is complete
  12          bit offset_null = 0;                // Check if offset nulling is enabled
  13          bit roundoff = 0;
  14          
  15          unsigned long adcVal=0 , sum = 0,tempadcVal=0 ,temp_low,temp_high,try0=0;
  16          unsigned short voltage = 0;                                                            // 16 bit
  17          
  18          unsigned int avgVal=0, initVal=0, adcValue = 0 , temp=0 ;
  19          unsigned int m = 0;
  20          
  21          unsigned char serial_data,MSB = 0,LSB = 0;
  22          unsigned char data_save_high;
  23          unsigned char data_save_low;
  24          unsigned char count=0, i=0;
  25          float fweight=0;
  26          
  27          
  28          void main(void)
  29          {
  30   1        CS_BAR = 1;
  31   1        FS = 1;
  32   1        SPI_Init();
  33   1        timer_init();
  34   1        while(1)
  35   1        {
  36   2          CS_BAR = 0;
  37   2          FS = 0;                                   // falling edge of CS bar
  38   2      
  39   2          SPDAT= MSB;                             // first 4 bits will be address of the channel
  40   2          while(!transmit_completed);               // wait for the transmit complete flag
  41   2          transmit_completed = 0;                   // make the flag 0
  42   2      
  43   2          SPDAT = LSB;
  44   2          while(!transmit_completed);
  45   2          transmit_completed = 0;
  46   2      
  47   2          CS_BAR = 1;
  48   2          FS = 1;
  49   2                                // save the 10 bits in one variable
  50   2        }
  51   1      }
  52          
  53          void timer_init()
  54          {
C51 COMPILER V9.54   LABWORK2_C                                                            10/22/2018 22:35:43 PAGE 2   

  55   1       TMOD=
  56   1        1;
  57   1       TL0 =0xAF;
  58   1       TH0 =0x3C;
  59   1        EA=1;
  60   1        ET0=1;
  61   1        TR0=1;
  62   1      }
  63          
  64          
  65          void TIMER0_ISR (void) interrupt 1
  66          {
  67   1        TR0 = 0;
  68   1        m++;
  69   1        
  70   1        if(m<=8){
  71   2        voltage = 170*m;
  72   2        }
  73   1      
  74   1        
  75   1        if(m>16 && m <=40){
  76   2        voltage = 6840 - 57*m;
  77   2        }
  78   1      
  79   1        
  80   1        if(m==120){
  81   2        m = 0;
  82   2        }
  83   1      
  84   1        LSB = voltage;
  85   1        MSB = voltage/256;
  86   1      
  87   1        TL0 =0xAF;
  88   1        TH0 =0x3C;
  89   1        TR0 = 1;
  90   1      }
  91          
  92          
  93          void SPI_Init()
  94          {
  95   1        FS = 1;
  96   1        CS_BAR = 1;                     // DISABLE ADC SLAVE SELECT-CS
  97   1        SPCON |= 0x20;                  // P1.1(SSBAR) is available as standard I/O pin
  98   1        SPCON |= 0x01;                  // Fclk Periph/4 AND Fclk Periph=12MHz ,HENCE SCK IE. BAUD RATE=3000KHz
  99   1        SPCON |= 0x10;                  // Master mode
 100   1        SPCON |= 0x08;                // CPOL=0; transmit mode example|| SCK is 0 at idle state
 101   1        SPCON &= ~0x04;                 // CPHA=1; transmit mode example
 102   1        IEN1 |= 0x04;                   // enable spi interrupt
 103   1        EA=1;                           // enable interrupts
 104   1        SPCON |= 0x40;                  // run spi;ENABLE SPI INTERFACE SPEN= 1
 105   1      }
 106          
 107          void it_SPI(void) interrupt 9 /* interrupt address is 0x004B, (Address -3)/8 = interrupt no.*/
 108          {
 109   1        switch  ( SPSTA )         /* read and clear spi status register */
 110   1        {
 111   2          case 0x80:
 112   2            serial_data=SPDAT;   /* read receive data */
 113   2            transmit_completed=1;/* set software flag */
 114   2          break;
 115   2      
 116   2          case 0x10:
C51 COMPILER V9.54   LABWORK2_C                                                            10/22/2018 22:35:43 PAGE 3   

 117   2      
 118   2          break;
 119   2      
 120   2          case 0x40:
 121   2          break;
 122   2        }
 123   1      }
 124          
 125          
 126          
 127          
 128          
 129          
 130          


MODULE INFORMATION:   STATIC OVERLAYABLE
   CODE SIZE        =    249    ----
   CONSTANT SIZE    =   ----    ----
   XDATA SIZE       =   ----    ----
   PDATA SIZE       =   ----    ----
   DATA SIZE        =     47    ----
   IDATA SIZE       =   ----    ----
   BIT SIZE         =      3    ----
END OF MODULE INFORMATION.


C51 COMPILATION COMPLETE.  0 WARNING(S),  0 ERROR(S)
