C51 COMPILER V9.54   LABWORK1                                                              10/15/2018 17:39:01 PAGE 1   


C51 COMPILER V9.54, COMPILATION OF MODULE LABWORK1
OBJECT MODULE PLACED IN .\Objects\labwork1.obj
COMPILER INVOKED BY: C:\Keil_v5\C51\BIN\C51.EXE ADSR\labwork1.c OPTIMIZE(8,SPEED) BROWSE DEBUG OBJECTEXTEND PRINT(.\List
                    -ings\labwork1.lst) TABS(2) OBJECT(.\Objects\labwork1.obj)

line level    source

   1          //Generate waveform at P3_6
   2          
   3          #include "at89c5131.h"
   4          
   5          
   6          void timer_init();
   7          void SPI_Init();
   8          sbit CS_BAR = P3^4;                 // Chip Select for the ADC
   9          sbit FS = P3^5;
  10          bit transmit_completed= 0;              // To check if spi data transmit is complete
  11          bit offset_null = 0;                // Check if offset nulling is enabled
  12          bit roundoff = 0;
  13          
  14          unsigned long adcVal=0, voltage= 0 , sum = 0,tempadcVal=0 ,temp_low,temp_high,try0=0;
  15          unsigned int avgVal=0, initVal=0, adcValue = 0 , temp=0 ;
  16          
  17          unsigned char serial_data;
  18          unsigned char data_save_high;
  19          unsigned char data_save_low;
  20          unsigned char count=0, i=0;
  21          float fweight=0;
  22          
  23          
  24          void main(void)
  25          {
  26   1        CS_BAR = 1;
  27   1        FS = 1;
  28   1        SPI_Init();
  29   1        while(1)
  30   1        {
  31   2          CS_BAR = 0;
  32   2          FS = 0;                                   // falling edge of CS bar
  33   2      
  34   2          SPDAT= 0x04;                              // first 4 bits will be address of the channel
  35   2          while(!transmit_completed);               // wait for the transmit complete flag
  36   2          transmit_completed = 0;                   // make the flag 0
  37   2          
  38   2          SPDAT =0x00;  
  39   2          while(!transmit_completed);
  40   2          transmit_completed = 0;
  41   2          
  42   2          CS_BAR = 1;
  43   2          FS = 1;
  44   2                                // save the 10 bits in one variable
  45   2        }
  46   1      }
  47          
  48          
  49          void SPI_Init()
  50          {
  51   1        FS = 1;
  52   1        CS_BAR = 1;                     // DISABLE ADC SLAVE SELECT-CS
  53   1        SPCON |= 0x20;                  // P1.1(SSBAR) is available as standard I/O pin
  54   1        SPCON |= 0x01;                  // Fclk Periph/4 AND Fclk Periph=12MHz ,HENCE SCK IE. BAUD RATE=3000KHz
C51 COMPILER V9.54   LABWORK1                                                              10/15/2018 17:39:01 PAGE 2   

  55   1        SPCON |= 0x10;                  // Master mode
  56   1        SPCON |= 0x08;                // CPOL=0; transmit mode example|| SCK is 0 at idle state
  57   1        SPCON &= ~0x04;                 // CPHA=1; transmit mode example
  58   1        IEN1 |= 0x04;                   // enable spi interrupt
  59   1        EA=1;                           // enable interrupts
  60   1        SPCON |= 0x40;                  // run spi;ENABLE SPI INTERFACE SPEN= 1
  61   1      //  IPH0 |=0x10;
  62   1      //  IPL0 |=0x10;
  63   1      }
  64          
  65          void it_SPI(void) interrupt 9 /* interrupt address is 0x004B, (Address -3)/8 = interrupt no.*/
  66          {
  67   1        switch  ( SPSTA )         /* read and clear spi status register */
  68   1        {
  69   2          case 0x80:
  70   2            serial_data=SPDAT;   /* read receive data */
  71   2            transmit_completed=1;/* set software flag */
  72   2          break;
  73   2      
  74   2          case 0x10:
  75   2      
  76   2          break;
  77   2      
  78   2          case 0x40:
  79   2          break;
  80   2        }
  81   1      }


MODULE INFORMATION:   STATIC OVERLAYABLE
   CODE SIZE        =     89    ----
   CONSTANT SIZE    =   ----    ----
   XDATA SIZE       =   ----    ----
   PDATA SIZE       =   ----    ----
   DATA SIZE        =     45    ----
   IDATA SIZE       =   ----    ----
   BIT SIZE         =      3    ----
END OF MODULE INFORMATION.


C51 COMPILATION COMPLETE.  0 WARNING(S),  0 ERROR(S)
