C51 COMPILER V9.54   LABWORK2                                                              10/22/2018 22:39:02 PAGE 1   


C51 COMPILER V9.54, COMPILATION OF MODULE LABWORK2
OBJECT MODULE PLACED IN .\Objects\labwork2.obj
COMPILER INVOKED BY: C:\Keil_v5\C51\BIN\C51.EXE ADSR\labwork2.c OPTIMIZE(8,SPEED) BROWSE DEBUG OBJECTEXTEND PRINT(.\List
                    -ings\labwork2.lst) TABS(2) OBJECT(.\Objects\labwork2.obj)

line level    source

   1          //Generate waveform at P3_6
   2          
   3          #include "at89c5131.h"
   4          
   5          
   6          void timer_init();
   7          void SPI_Init();
   8          sbit CS_BAR = P3^4;                 // Chip Select for the ADC
   9          sbit FS = P3^5;
  10          bit transmit_completed= 0;              // To check if spi data transmit is complete
  11          bit offset_null = 0;                // Check if offset nulling is enabled
  12          bit roundoff = 0;
  13          
  14          unsigned long adcVal=0 , sum = 0,tempadcVal=0 ,temp_low,temp_high,try0=0;
  15          unsigned short voltage = 0;                                                            // 16 bit
  16          
  17          unsigned int avgVal=0, initVal=0, adcValue = 0 , temp=0 ;
  18          unsigned int m = 0;
  19          
  20          unsigned char serial_data,MSB = 0,LSB = 0;
  21          unsigned char data_save_high;
  22          unsigned char data_save_low;
  23          unsigned char count=0, i=0;
  24          float fweight=0;
  25          
  26          
  27          void main(void)
  28          {
  29   1        CS_BAR = 1;
  30   1        FS = 1;
  31   1        SPI_Init();
  32   1        timer_init();
  33   1        while(1)
  34   1        {
  35   2          CS_BAR = 0;
  36   2          FS = 0;                                   // falling edge of CS bar
  37   2      
  38   2          SPDAT= MSB;                             // first 4 bits will be address of the channel
  39   2          while(!transmit_completed);               // wait for the transmit complete flag
  40   2          transmit_completed = 0;                   // make the flag 0
  41   2      
  42   2          SPDAT = LSB;
  43   2          while(!transmit_completed);
  44   2          transmit_completed = 0;
  45   2      
  46   2          CS_BAR = 1;
  47   2          FS = 1;
  48   2                                // save the 10 bits in one variable
  49   2        }
  50   1      }
  51          
  52          void timer_init()
  53          {
  54   1       TMOD=1;
C51 COMPILER V9.54   LABWORK2                                                              10/22/2018 22:39:02 PAGE 2   

  55   1       TL0 =0xAF;
  56   1       TH0 =0x3C;
  57   1        EA=1;
  58   1        ET0=1;
  59   1        TR0=1;
  60   1      }
  61          
  62          
  63          void TIMER0_ISR (void) interrupt 1
  64          {
  65   1        TR0 = 0;
  66   1        m++;
  67   1        
  68   1        if(m<=240){
  69   2        voltage = 17*m;
  70   2        }
  71   1      
  72   1        if(m>241 && m <=480){
  73   2        voltage = 8192 - 17*m;
  74   2        }
  75   1      
  76   1        if(m==480){
  77   2        m = 0;
  78   2        }
  79   1      
  80   1        LSB = voltage;
  81   1        MSB = voltage/256;
  82   1      
  83   1        TL0 =0xAF;
  84   1        TH0 =0x3C;
  85   1        TR0 = 1;
  86   1      }
  87          
  88          
  89          void SPI_Init()
  90          {
  91   1        FS = 1;
  92   1        CS_BAR = 1;                     // DISABLE ADC SLAVE SELECT-CS
  93   1        SPCON |= 0x20;                  // P1.1(SSBAR) is available as standard I/O pin
  94   1        SPCON |= 0x01;                  // Fclk Periph/4 AND Fclk Periph=12MHz ,HENCE SCK IE. BAUD RATE=3000KHz
  95   1        SPCON |= 0x10;                  // Master mode
  96   1        SPCON |= 0x08;                // CPOL=0; transmit mode example|| SCK is 0 at idle state
  97   1        SPCON &= ~0x04;                 // CPHA=1; transmit mode example
  98   1        IEN1 |= 0x04;                   // enable spi interrupt
  99   1        EA=1;                           // enable interrupts
 100   1        SPCON |= 0x40;                  // run spi;ENABLE SPI INTERFACE SPEN= 1
 101   1      }
 102          
 103          void it_SPI(void) interrupt 9 /* interrupt address is 0x004B, (Address -3)/8 = interrupt no.*/
 104          {
 105   1        switch  ( SPSTA )         /* read and clear spi status register */
 106   1        {
 107   2          case 0x80:
 108   2            serial_data=SPDAT;   /* read receive data */
 109   2            transmit_completed=1;/* set software flag */
 110   2          break;
 111   2      
 112   2          case 0x10:
 113   2      
 114   2          break;
 115   2      
 116   2          case 0x40:
C51 COMPILER V9.54   LABWORK2                                                              10/22/2018 22:39:02 PAGE 3   

 117   2          break;
 118   2        }
 119   1      }


MODULE INFORMATION:   STATIC OVERLAYABLE
   CODE SIZE        =    252    ----
   CONSTANT SIZE    =   ----    ----
   XDATA SIZE       =   ----    ----
   PDATA SIZE       =   ----    ----
   DATA SIZE        =     47    ----
   IDATA SIZE       =   ----    ----
   BIT SIZE         =      3    ----
END OF MODULE INFORMATION.


C51 COMPILATION COMPLETE.  0 WARNING(S),  0 ERROR(S)
