C51 COMPILER V9.54   NOTES                                                                 10/22/2018 23:18:49 PAGE 1   


C51 COMPILER V9.54, COMPILATION OF MODULE NOTES
OBJECT MODULE PLACED IN .\Objects\notes.obj
COMPILER INVOKED BY: C:\Keil_v5\C51\BIN\C51.EXE ADSR\notes.c OPTIMIZE(8,SPEED) BROWSE DEBUG OBJECTEXTEND PRINT(.\Listing
                    -s\notes.lst) TABS(2) OBJECT(.\Objects\notes.obj)

line level    source

   1          //Generate waveform at P3_6
   2          
   3          #include "at89c5131.h"
   4          
   5          
   6          void timer_init();
   7          
   8          sbit C0 = P1^7; 
   9          char high=239,low=190;
  10                            
  11          
  12          unsigned char x=1;
  13          
  14          unsigned char count=0, i=0;
  15          char test [] = {0xEF,0xBE,  0xF1,0x8C,  0xF2,0xFE,  0xF3,0xCE,
  16                          0xF5,0x29,  0xF6,0x3F,  0xF7,0x50,  0xF7,0xDF,
  17                          0xF7,0xDF,  0xF7,0x50,  0xF6,0x3F,  0xF5,0x29,
  18                          0xF3,0xCE,  0xF2,0xFE,  0xF1,0x8C,  0xEF,0xBE 
  19                          
  20          };
  21          
  22                          
  23                            
  24           
  25          void main(void)
  26          {
  27   1        
  28   1      timer_init();
  29   1        while(1)                        // endless 
  30   1        {
  31   2        }
  32   1        
  33   1      }
  34          
  35          
  36          void timer_init()
  37          {
  38   1       TMOD=0x11;   
  39   1       TL1 =190;  
  40   1       TH1 =239;
  41   1        
  42   1       TL0 =0x61;     
  43   1       TH0 =0x3C;
  44   1        
  45   1        EA=1;
  46   1        ET0=1;
  47   1        ET1=1;
  48   1        TR0=1;
  49   1        //TR1=1;
  50   1        
  51   1      } 
  52          
  53          
  54          void TIMER1_ISR (void) interrupt 3
C51 COMPILER V9.54   NOTES                                                                 10/22/2018 23:18:49 PAGE 2   

  55          {
  56   1      
  57   1        TR1=0;
  58   1        TL1 = low ;
  59   1        TH1 = high;
  60   1          P3_6  = ~ P3_6;
  61   1        TR1=1;
  62   1        
  63   1      }
  64          
  65          void TIMER0_ISR (void) interrupt 1
  66          
  67          {
  68   1        TR0=0;
  69   1        TL0 =0x61;
  70   1        TH0 =0x3C;
  71   1        x--;
  72   1        if(x==0)
  73   1        {
  74   2            if(i==32)
  75   2          {
  76   3            TR0=0;
  77   3            TR1=0;
  78   3          }
  79   2          else
  80   2          {
  81   3          P3_7 = ~P3_7;
  82   3          high= test[i];
  83   3          low= test[i+1];
  84   3        i=i+2;
  85   3          x=40;
  86   3        TR1=1;
  87   3          }
  88   2        }
  89   1        
  90   1        TR0=1;
  91   1      
  92   1      }


MODULE INFORMATION:   STATIC OVERLAYABLE
   CODE SIZE        =    112    ----
   CONSTANT SIZE    =   ----    ----
   XDATA SIZE       =   ----    ----
   PDATA SIZE       =   ----    ----
   DATA SIZE        =     37    ----
   IDATA SIZE       =   ----    ----
   BIT SIZE         =   ----    ----
END OF MODULE INFORMATION.


C51 COMPILATION COMPLETE.  0 WARNING(S),  0 ERROR(S)
