C51 COMPILER V9.54   NEW                                                                   10/27/2018 13:04:29 PAGE 1   


C51 COMPILER V9.54, COMPILATION OF MODULE NEW
OBJECT MODULE PLACED IN .\Objects\new.obj
COMPILER INVOKED BY: C:\Keil_v5\C51\BIN\C51.EXE new.c OPTIMIZE(8,SPEED) BROWSE DEBUG OBJECTEXTEND PRINT(.\Listings\new.l
                    -st) TABS(2) OBJECT(.\Objects\new.obj)

line level    source

   1          #include "at89c5131.h"
   2          #include "stdio.h"
   3          
   4          void timer_init();
   5          void ISR_serial();
   6          void init_serial();
   7          unsigned char outchar;
   8          unsigned char inchar;
   9          void transmit_value();
  10          unsigned char trans;
  11          unsigned char valStr[5];
  12          void transmit_data();
  13          
  14          
  15          void init_serial(){
  16   1        EA=1;
  17   1        ES=1;
  18   1        ET1=0;
  19   1        SCON = 0xc0;
  20   1      }
  21          
  22          void timer_init(){
  23   1        TMOD=TMOD | 0x20;
  24   1        TH1=0xfe; 
  25   1        PCON = PCON | 0x80;
  26   1      }
  27          
  28          void ISR_serial(void) interrupt 4{
  29   1        unsigned char temp;
  30   1        temp=PSW;
  31   1        if(TI==1){
  32   2          TI=0;
  33   2          P1_7 = PSW^0;
  34   2          P1_6 = ~PSW^0;
  35   2          //TB8 = 0;
  36   2        }
  37   1        PSW=temp;
  38   1      }
  39          
  40          void transmit_value()
  41          {
  42   1      sprintf(valStr,"%1.3f\n",1.555);
  43   1        
  44   1      }
  45          
  46          void transmit_data(unsigned char str)
  47          {
  48   1                                                        //function to transmit data over TxD pin.
  49   1        ACC = str;
  50   1        ACC = ACC + 0;
  51   1        TB8 = PSW^0;
  52   1        SBUF = ACC;
  53   1      }
  54          
C51 COMPILER V9.54   NEW                                                                   10/27/2018 13:04:29 PAGE 2   

  55          void main(){
  56   1        P1 = 0;
  57   1        init_serial();
  58   1        timer_init();
  59   1        REN=0;
  60   1        RI=0;
  61   1        TI=0;
  62   1        TR1=1;
  63   1        trans = valStr[0]; 
  64   1        transmit_data(trans);
  65   1      }
  66          
  67          


MODULE INFORMATION:   STATIC OVERLAYABLE
   CODE SIZE        =    123    ----
   CONSTANT SIZE    =      7    ----
   XDATA SIZE       =   ----    ----
   PDATA SIZE       =   ----    ----
   DATA SIZE        =      8    ----
   IDATA SIZE       =   ----    ----
   BIT SIZE         =   ----    ----
END OF MODULE INFORMATION.


C51 COMPILATION COMPLETE.  0 WARNING(S),  0 ERROR(S)
