C51 COMPILER V9.54   PART2                                                                 10/27/2018 13:47:19 PAGE 1   


C51 COMPILER V9.54, COMPILATION OF MODULE PART2
OBJECT MODULE PLACED IN .\Objects\part2.obj
COMPILER INVOKED BY: C:\Keil_v5\C51\BIN\C51.EXE part2.c OPTIMIZE(8,SPEED) BROWSE DEBUG OBJECTEXTEND PRINT(.\Listings\par
                    -t2.lst) TABS(2) OBJECT(.\Objects\part2.obj)

line level    source

   1          #include "at89c5131.h"
   2          #include "stdio.h"
   3          
   4          void timer_init();
   5          int x = 0,y = 0,p = 0,q = 2500;
   6          int i =0;
   7          
   8          unsigned int m = 0;
   9          
  10          void timer_init()
  11          {
  12   1       TMOD=1;
  13   1                   //CREATING TIME PERIOD OF 130 MICRO SEC SO THAT WE CAN GIVE 32 VALUE IN 1/240 HZ
  14   1        TL0 =0x21;
  15   1        TH0 =0xCF;
  16   1        EA=1;
  17   1        ET0=1;
  18   1        TR0=1;
  19   1      }
  20          
  21          
  22          
  23          void TIMER0_ISR (void) interrupt 1
  24          {
  25   1        TR0 = 0;
  26   1        P3_7 = ~P3_7;
  27   1        m++;
  28   1        if(m<=32){
  29   2        x = ((0.98078)*p)+((0.19509)*q);
  30   2        y = ((0.98078)*q)-((0.19509)*p);
  31   2        p = x;
  32   2        q = y;
  33   2        i = p+2500;
  34   2        
  35   2      }
  36   1      
  37   1      if(m==32){
  38   2        m = 0;
  39   2        x = 0;
  40   2        y = 0;
  41   2        p = 0;
  42   2        q = 2500;
  43   2      }
  44   1      
  45   1        TL0 =0x21;
  46   1        TH0 =0xCF;
  47   1        TR0 = 1;
  48   1        
  49   1      }
  50          
  51          void main(void){
  52   1      timer_init();
  53   1      while(1);
  54   1      }
C51 COMPILER V9.54   PART2                                                                 10/27/2018 13:47:19 PAGE 2   



MODULE INFORMATION:   STATIC OVERLAYABLE
   CODE SIZE        =    291    ----
   CONSTANT SIZE    =   ----    ----
   XDATA SIZE       =   ----    ----
   PDATA SIZE       =   ----    ----
   DATA SIZE        =     12    ----
   IDATA SIZE       =   ----    ----
   BIT SIZE         =   ----    ----
END OF MODULE INFORMATION.


C51 COMPILATION COMPLETE.  0 WARNING(S),  0 ERROR(S)
