C51 COMPILER V9.54   QUEST1B                                                               10/27/2018 12:28:39 PAGE 1   


C51 COMPILER V9.54, COMPILATION OF MODULE QUEST1B
OBJECT MODULE PLACED IN .\Objects\quest1b.obj
COMPILER INVOKED BY: C:\Keil_v5\C51\BIN\C51.EXE quest1b.c OPTIMIZE(8,SPEED) BROWSE DEBUG OBJECTEXTEND PRINT(.\Listings\q
                    -uest1b.lst) TABS(2) OBJECT(.\Objects\quest1b.obj)

line level    source

   1          #include "at89c5131.h"
   2          #include "stdio.h"
   3          
   4          void timer_init();
   5          void ISR_serial();
   6          void init_serial();
   7          void transmit_value();
   8          unsigned char outchar;
   9          unsigned char inchar;
  10          void transmit_string();
  11          void transmit_data();
  12          unsigned char received;
  13            
  14          
  15          
  16          unsigned char value[5] = {
  17          1.555,3.110,4.665,6.220,7.775
  18          };
  19          unsigned char valStr[5];
  20          unsigned int i=0;
  21          
  22          
  23          void init_serial(){
  24   1        EA=1;
  25   1        ES=1;
  26   1        ET1=0;
  27   1        SCON = 0xc0;
  28   1      }
  29          
  30          void timer_init(){
  31   1        TMOD=TMOD | 0x20;
  32   1        TH1=0xfe; 
  33   1        PCON = PCON | 0x80;
  34   1      }
  35          
  36          void ISR_serial(void) interrupt 4{
  37   1        unsigned char temp;
  38   1        temp=PSW;
  39   1        if(TI==1){
  40   2          TI=0;
  41   2          ACC=outchar;
  42   2          ACC=ACC+0;
  43   2          TB8=PSW^0;
  44   2          P1_7 = PSW^0;
  45   2          P1_6 = ~PSW^0;
  46   2          //TB8 = 0;
  47   2          SBUF=outchar;
  48   2        }
  49   1        PSW=temp;
  50   1      }
  51          
  52          void transmit_value()
  53          {
  54   1      sprintf(valStr,"%1.3f\n",1.555);
C51 COMPILER V9.54   QUEST1B                                                               10/27/2018 12:28:39 PAGE 2   

  55   1        
  56   1      }
  57          
  58          
  59          
  60          void transmit_data(unsigned char str)
  61          {
  62   1                                                        //function to transmit data over TxD pin.
  63   1        ACC = str;
  64   1        ACC = ACC + 0;
  65   1        TB8 = PSW^0;
  66   1        SBUF = ACC;
  67   1      }
  68          
  69          void transmit_string(char* str, n)
  70          {
  71   1        int i;
  72   1        for(i=0; i<n; i++){
  73   2          transmit_data(&str);
*** WARNING C214 IN LINE 73 OF quest1b.c: 'Argument': conversion: pointer to non-pointer
  74   2          str++;
  75   2      }
  76   1      
  77   1      
  78   1      
  79   1      void main(){
*** ERROR C141 IN LINE 79 OF quest1b.c: syntax error near 'void'
  80   2        P1 = 0;
  81   2        init_serial();
  82   2        timer_init();
  83   2        REN=0;
  84   2        RI=0;
  85   2        TI=0;
  86   2        TR1=1;
  87   2        
  88   2        received = transmit_value();
  89   2        transmit_string(received,5);
  90   2      
  91   2      }
  92   1      
  93   1      
  94   1      

C51 COMPILATION COMPLETE.  1 WARNING(S),  1 ERROR(S)
